\BOOKMARK [0][-]{chapter.1}{\376\377\000I\000n\000t\000r\000o\000d\000u\000c\000t\000i\000o\000n}{}% 1
\BOOKMARK [0][-]{chapter.2}{\376\377\000B\000a\000c\000k\000g\000r\000o\000u\000n\000d}{}% 2
\BOOKMARK [1][-]{section.2.1}{\376\377\000B\000i\000o\000l\000o\000g\000y}{chapter.2}% 3
\BOOKMARK [2][-]{subsection.2.1.1}{\376\377\000P\000r\000o\000t\000e\000i\000n\000s}{section.2.1}% 4
\BOOKMARK [2][-]{subsection.2.1.2}{\376\377\000T\000h\000e\000\040\000M\000H\000C\000\040\000c\000l\000a\000s\000s\000-\000I\000\040\000p\000a\000t\000h\000w\000a\000y}{section.2.1}% 5
\BOOKMARK [2][-]{subsection.2.1.3}{\376\377\000E\000x\000p\000e\000r\000i\000m\000e\000n\000t\000a\000l\000\040\000d\000a\000t\000a\000s\000o\000u\000r\000c\000e\000s}{section.2.1}% 6
\BOOKMARK [2][-]{subsection.2.1.4}{\376\377\000M\000H\000C\000\040\000p\000r\000o\000t\000e\000i\000n\000s\000\040\000a\000n\000d\000\040\000p\000e\000p\000t\000i\000d\000e\000\040\000b\000i\000n\000d\000i\000n\000g}{section.2.1}% 7
\BOOKMARK [1][-]{section.2.2}{\376\377\000M\000a\000c\000h\000i\000n\000e\000\040\000L\000e\000a\000r\000n\000i\000n\000g}{chapter.2}% 8
\BOOKMARK [2][-]{subsection.2.2.1}{\376\377\000D\000e\000c\000o\000n\000v\000o\000l\000u\000t\000i\000o\000n}{section.2.2}% 9
\BOOKMARK [2][-]{subsection.2.2.2}{\376\377\000N\000e\000g\000a\000t\000i\000v\000e\000\040\000e\000x\000a\000m\000p\000l\000e\000s}{section.2.2}% 10
\BOOKMARK [2][-]{subsection.2.2.3}{\376\377\000I\000m\000b\000a\000l\000a\000n\000c\000e\000d\000\040\000d\000a\000t\000a\000s\000e\000t\000s\000\040\000a\000n\000d\000\040\000m\000e\000t\000r\000i\000c\000s}{section.2.2}% 11
\BOOKMARK [2][-]{subsection.2.2.4}{\376\377\000B\000E\000R\000T}{section.2.2}% 12
\BOOKMARK [2][-]{subsection.2.2.5}{\376\377\000I\000n\000t\000e\000r\000p\000r\000e\000t\000a\000b\000l\000e\000\040\000A\000I}{section.2.2}% 13
\BOOKMARK [1][-]{section.2.3}{\376\377\000C\000u\000r\000r\000e\000n\000t\000\040\000s\000t\000a\000t\000e\000\040\000o\000f\000\040\000t\000h\000e\000\040\000a\000r\000t}{chapter.2}% 14
\BOOKMARK [2][-]{subsection.2.3.1}{\376\377\000N\000e\000t\000M\000H\000C\000p\000a\000n}{section.2.3}% 15
\BOOKMARK [2][-]{subsection.2.3.2}{\376\377\000M\000H\000C\000f\000l\000u\000r\000r\000y}{section.2.3}% 16
\BOOKMARK [2][-]{subsection.2.3.3}{\376\377\000B\000E\000R\000T\000M\000H\000C}{section.2.3}% 17
\BOOKMARK [2][-]{subsection.2.3.4}{\376\377\000N\000o\000t\000a\000b\000l\000e\000\040\000o\000t\000h\000e\000r\000\040\000a\000p\000p\000r\000o\000a\000c\000h\000e\000s}{section.2.3}% 18
\BOOKMARK [0][-]{chapter.3}{\376\377\000M\000e\000t\000h\000o\000d}{}% 19
\BOOKMARK [1][-]{section.3.1}{\376\377\000D\000a\000t\000a}{chapter.3}% 20
\BOOKMARK [2][-]{subsection.3.1.1}{\376\377\000D\000e\000c\000o\000y\000\040\000g\000e\000n\000e\000r\000a\000t\000i\000o\000n}{section.3.1}% 21
\BOOKMARK [2][-]{subsection.3.1.2}{\376\377\000D\000a\000t\000a\000\040\000s\000p\000l\000i\000t\000s}{section.3.1}% 22
\BOOKMARK [1][-]{section.3.2}{\376\377\000M\000o\000d\000e\000l\000\040\000A\000r\000c\000h\000i\000t\000e\000c\000t\000u\000r\000e}{chapter.3}% 23
\BOOKMARK [2][-]{subsection.3.2.1}{\376\377\000T\000o\000k\000e\000n\000i\000z\000a\000t\000i\000o\000n\000\040\000a\000n\000d\000\040\000E\000m\000b\000e\000d\000d\000i\000n\000g}{section.3.2}% 24
\BOOKMARK [2][-]{subsection.3.2.2}{\376\377\000E\000n\000c\000o\000d\000e\000r}{section.3.2}% 25
\BOOKMARK [2][-]{subsection.3.2.3}{\376\377\000P\000o\000o\000l\000i\000n\000g}{section.3.2}% 26
\BOOKMARK [2][-]{subsection.3.2.4}{\376\377\000H\000e\000a\000d}{section.3.2}% 27
\BOOKMARK [1][-]{section.3.3}{\376\377\000T\000r\000a\000i\000n\000i\000n\000g}{chapter.3}% 28
\BOOKMARK [1][-]{section.3.4}{\376\377\000E\000v\000a\000l\000u\000a\000t\000i\000o\000n}{chapter.3}% 29
\BOOKMARK [2][-]{subsection.3.4.1}{\376\377\000E\000v\000a\000l\000u\000a\000t\000i\000o\000n\000\040\000o\000n\000\040\000t\000h\000e\000\040\000t\000e\000s\000t\000\040\000s\000e\000t}{section.3.4}% 30
\BOOKMARK [2][-]{subsection.3.4.2}{\376\377\000C\000o\000m\000p\000a\000r\000i\000s\000o\000n\000\040\000t\000o\000\040\000M\000H\000C\000f\000l\000u\000r\000r\000y\000\040\000a\000n\000d\000\040\000N\000e\000t\000M\000H\000C\000p\000a\000n}{section.3.4}% 31
\BOOKMARK [2][-]{subsection.3.4.3}{\376\377\000I\000n\000t\000e\000r\000p\000r\000e\000t\000a\000t\000i\000o\000n}{section.3.4}% 32
\BOOKMARK [0][-]{chapter.4}{\376\377\000R\000e\000s\000u\000l\000t\000s}{}% 33
\BOOKMARK [1][-]{section.4.1}{\376\377\000H\000y\000p\000e\000r\000p\000a\000r\000a\000m\000e\000t\000e\000r\000\040\000s\000e\000a\000r\000c\000h\000\040\000a\000n\000d\000\040\000t\000r\000a\000i\000n\000i\000n\000g}{chapter.4}% 34
\BOOKMARK [1][-]{section.4.2}{\376\377\000E\000v\000a\000l\000u\000a\000t\000i\000o\000n\000\040\000o\000n\000\040\000t\000h\000e\000\040\000t\000e\000s\000t\000\040\000s\000e\000t}{chapter.4}% 35
\BOOKMARK [1][-]{section.4.3}{\376\377\000B\000e\000n\000c\000h\000m\000a\000r\000k\000i\000n\000g}{chapter.4}% 36
\BOOKMARK [1][-]{section.4.4}{\376\377\000I\000n\000t\000e\000r\000p\000r\000e\000t\000a\000t\000i\000o\000n}{chapter.4}% 37
\BOOKMARK [2][-]{subsection.4.4.1}{\376\377\000H\000L\000A\000-\000A\000*\0003\0003\000:\0000\0001}{section.4.4}% 38
\BOOKMARK [2][-]{subsection.4.4.2}{\376\377\000H\000L\000A\000-\000B\000*\0005\0004\000:\0000\0001}{section.4.4}% 39
\BOOKMARK [2][-]{subsection.4.4.3}{\376\377\000H\000L\000A\000-\000C\000*\0000\0001\000:\0000\0002}{section.4.4}% 40
\BOOKMARK [0][-]{chapter.5}{\376\377\000C\000o\000n\000c\000l\000u\000s\000i\000o\000n\000\040\000a\000n\000d\000\040\000f\000u\000t\000u\000r\000e\000\040\000w\000o\000r\000k}{}% 41
\BOOKMARK [0][-]{chapter.6}{\376\377\000A\000p\000p\000e\000n\000d\000i\000x}{}% 42
\BOOKMARK [1][-]{section.6.1}{\376\377\000M\000H\000C\000\040\000s\000p\000l\000i\000t}{chapter.6}% 43
\BOOKMARK [1][-]{section.6.2}{\376\377\000T\000o\000k\000e\000n\000i\000z\000a\000t\000i\000o\000n\000\040\000e\000x\000a\000m\000p\000l\000e}{chapter.6}% 44
\BOOKMARK [1][-]{section.6.3}{\376\377\000H\000y\000p\000e\000r\000p\000a\000r\000a\000m\000e\000t\000e\000r\000\040\000s\000e\000a\000r\000c\000h}{chapter.6}% 45
\BOOKMARK [1][-]{section.6.4}{\376\377\000I\000n\000t\000e\000r\000p\000r\000e\000t\000a\000t\000i\000o\000n}{chapter.6}% 46
\BOOKMARK [2][-]{subsection.6.4.1}{\376\377\000H\000L\000A\000-\000A\000*\0003\0003\000:\0000\0003}{section.6.4}% 47
\BOOKMARK [2][-]{subsection.6.4.2}{\376\377\000H\000L\000A\000-\000A\000*\0003\0006\000:\0000\0001}{section.6.4}% 48
\BOOKMARK [2][-]{subsection.6.4.3}{\376\377\000H\000L\000A\000-\000A\000*\0007\0004\000:\0000\0001}{section.6.4}% 49
\BOOKMARK [2][-]{subsection.6.4.4}{\376\377\000H\000L\000A\000-\000B\000*\0003\0007\000:\0000\0001}{section.6.4}% 50
\BOOKMARK [2][-]{subsection.6.4.5}{\376\377\000H\000L\000A\000-\000B\000*\0004\0006\000:\0000\0001}{section.6.4}% 51
\BOOKMARK [2][-]{subsection.6.4.6}{\376\377\000H\000L\000A\000-\000B\000*\0005\0008\000:\0000\0001}{section.6.4}% 52
\BOOKMARK [2][-]{subsection.6.4.7}{\376\377\000H\000L\000A\000-\000B\000*\0005\0008\000:\0000\0002}{section.6.4}% 53
\BOOKMARK [2][-]{subsection.6.4.8}{\376\377\000H\000L\000A\000-\000C\000*\0001\0005\000:\0000\0002}{section.6.4}% 54
\BOOKMARK [2][-]{subsection.6.4.9}{\376\377\000H\000L\000A\000-\000C\000*\0001\0007\000:\0000\0001}{section.6.4}% 55
